2019-04-23 17:21:32.004  INFO 5859 --- [main] com.alipay.sofa.common.log               : Sofa-Middleware-Log SLF4J : Actual logging.path is [ sofa-boot/logs ]
2019-04-23 17:21:32.008  INFO 5859 --- [main] com.alipay.sofa.common.log               : Sofa-Middleware-Log SLF4J : Actual binding is of type [ com.alipay.sofa.infra Logback ]
2019-04-23 17:21:32.053  INFO 5859 --- [main] com.alipay.sofa.common.log               : Sofa-Middleware-Log SLF4J : Actual logging.path is [ sofa-boot/logs ]
2019-04-23 17:21:32.053  INFO 5859 --- [main] com.alipay.sofa.common.log               : Sofa-Middleware-Log SLF4J : Actual binding is of type [ com.alipay.sofa.healthcheck Logback ]
2019-04-23 17:21:42.078  INFO 5859 --- [main] cn.puhy.sofaboot.SofaBootApplication     : Starting SofaBootApplication on phyMacBook-Pro.local with PID 5859 (/Users/puhongyu/phy/idea/sofa/sofa-boot/target/classes started by puhongyu in /Users/puhongyu/phy/idea/parent)
2019-04-23 17:21:42.079  INFO 5859 --- [main] cn.puhy.sofaboot.SofaBootApplication     : No active profile set, falling back to default profiles: default
2019-04-23 17:21:42.980  INFO 5859 --- [main] o.s.b.w.embedded.tomcat.TomcatWebServer  : Tomcat initialized with port(s): 8080 (http)
2019-04-23 17:21:42.993  INFO 5859 --- [main] o.apache.catalina.core.StandardService   : Starting service [Tomcat]
2019-04-23 17:21:42.993  INFO 5859 --- [main] org.apache.catalina.core.StandardEngine  : Starting Servlet Engine: Apache Tomcat/9.0.12
2019-04-23 17:21:42.999  INFO 5859 --- [main] o.a.catalina.core.AprLifecycleListener   : The APR based Apache Tomcat Native library which allows optimal performance in production environments was not found on the java.library.path: [/Users/puhongyu/Library/Java/Extensions:/Library/Java/Extensions:/Network/Library/Java/Extensions:/System/Library/Java/Extensions:/usr/lib/java:.]
2019-04-23 17:21:43.079  INFO 5859 --- [main] o.a.c.c.C.[Tomcat].[localhost].[/]       : Initializing Spring embedded WebApplicationContext
2019-04-23 17:21:43.079  INFO 5859 --- [main] o.s.web.context.ContextLoader            : Root WebApplicationContext: initialization completed in 926 ms
2019-04-23 17:21:43.364  INFO 5859 --- [main] o.s.b.w.servlet.FilterRegistrationBean   : Mapping filter: 'characterEncodingFilter' to: [/*]
2019-04-23 17:21:43.364  INFO 5859 --- [main] o.s.b.w.servlet.FilterRegistrationBean   : Mapping filter: 'webMvcMetricsFilter' to: [/*]
2019-04-23 17:21:43.364  INFO 5859 --- [main] o.s.b.w.servlet.FilterRegistrationBean   : Mapping filter: 'hiddenHttpMethodFilter' to: [/*]
2019-04-23 17:21:43.364  INFO 5859 --- [main] o.s.b.w.servlet.FilterRegistrationBean   : Mapping filter: 'formContentFilter' to: [/*]
2019-04-23 17:21:43.364  INFO 5859 --- [main] o.s.b.w.servlet.FilterRegistrationBean   : Mapping filter: 'requestContextFilter' to: [/*]
2019-04-23 17:21:43.365  INFO 5859 --- [main] o.s.b.w.servlet.FilterRegistrationBean   : Mapping filter: 'httpTraceFilter' to: [/*]
2019-04-23 17:21:43.365  INFO 5859 --- [main] o.s.b.w.servlet.ServletRegistrationBean  : Servlet dispatcherServlet mapped to [/]
2019-04-23 17:21:43.501  INFO 5859 --- [main] o.s.s.concurrent.ThreadPoolTaskExecutor  : Initializing ExecutorService 'applicationTaskExecutor'
2019-04-23 17:21:43.756  INFO 5859 --- [main] o.s.b.a.e.web.EndpointLinksResolver      : Exposing 4 endpoint(s) beneath base path '/actuator'
2019-04-23 17:21:43.832  INFO 5859 --- [main] o.s.b.w.embedded.tomcat.TomcatWebServer  : Tomcat started on port(s): 8080 (http) with context path ''
2019-04-23 17:21:43.836  INFO 5859 --- [main] cn.puhy.sofaboot.SofaBootApplication     : Started SofaBootApplication in 17.08 seconds (JVM running for 22.614)
2019-04-23 17:21:44.351  INFO 5859 --- [RMI TCP Connection(10)-127.0.0.1] o.a.c.c.C.[Tomcat].[localhost].[/]       : Initializing Spring DispatcherServlet 'dispatcherServlet'
2019-04-23 17:21:44.352  INFO 5859 --- [RMI TCP Connection(10)-127.0.0.1] o.s.web.servlet.DispatcherServlet        : Initializing Servlet 'dispatcherServlet'
2019-04-23 17:21:44.359  INFO 5859 --- [RMI TCP Connection(10)-127.0.0.1] o.s.web.servlet.DispatcherServlet        : Completed initialization in 6 ms
2019-04-23 17:22:42.937  INFO 5859 --- [Thread-39] o.s.s.concurrent.ThreadPoolTaskExecutor  : Shutting down ExecutorService 'applicationTaskExecutor'
