2019-04-24 10:10:15.584  INFO 7949 --- [main] com.alipay.sofa.common.log               : Sofa-Middleware-Log SLF4J : Actual logging.path is [ ./logs ]
2019-04-24 10:10:15.591  INFO 7949 --- [main] com.alipay.sofa.common.log               : Sofa-Middleware-Log SLF4J : Actual binding is of type [ com.alipay.sofa.infra Logback ]
2019-04-24 10:10:15.643  INFO 7949 --- [main] com.alipay.sofa.common.log               : Sofa-Middleware-Log SLF4J : Actual logging.path is [ ./logs ]
2019-04-24 10:10:15.644  INFO 7949 --- [main] com.alipay.sofa.common.log               : Sofa-Middleware-Log SLF4J : Actual binding is of type [ com.alipay.sofa.healthcheck Logback ]
2019-04-24 10:10:25.669  INFO 7949 --- [main] cn.puhy.sofaboot.SofaBootApplication     : Starting SofaBootApplication on phyMacBook-Pro.local with PID 7949 (/Users/puhongyu/phy/idea/sofa/sofa-boot/target/classes started by puhongyu in /Users/puhongyu/phy/idea/parent)
2019-04-24 10:10:25.671  INFO 7949 --- [main] cn.puhy.sofaboot.SofaBootApplication     : No active profile set, falling back to default profiles: default
2019-04-24 10:10:26.702  INFO 7949 --- [main] o.s.b.w.embedded.tomcat.TomcatWebServer  : Tomcat initialized with port(s): 8080 (http)
2019-04-24 10:10:26.717  INFO 7949 --- [main] o.apache.catalina.core.StandardService   : Starting service [Tomcat]
2019-04-24 10:10:26.718  INFO 7949 --- [main] org.apache.catalina.core.StandardEngine  : Starting Servlet Engine: Apache Tomcat/9.0.12
2019-04-24 10:10:26.724  INFO 7949 --- [main] o.a.catalina.core.AprLifecycleListener   : The APR based Apache Tomcat Native library which allows optimal performance in production environments was not found on the java.library.path: [/Users/puhongyu/Library/Java/Extensions:/Library/Java/Extensions:/Network/Library/Java/Extensions:/System/Library/Java/Extensions:/usr/lib/java:.]
2019-04-24 10:10:26.795  INFO 7949 --- [main] o.a.c.c.C.[Tomcat].[localhost].[/]       : Initializing Spring embedded WebApplicationContext
2019-04-24 10:10:26.795  INFO 7949 --- [main] o.s.web.context.ContextLoader            : Root WebApplicationContext: initialization completed in 1058 ms
2019-04-24 10:10:27.072  INFO 7949 --- [main] o.s.b.w.servlet.FilterRegistrationBean   : Mapping filter: 'characterEncodingFilter' to: [/*]
2019-04-24 10:10:27.073  INFO 7949 --- [main] o.s.b.w.servlet.FilterRegistrationBean   : Mapping filter: 'webMvcMetricsFilter' to: [/*]
2019-04-24 10:10:27.073  INFO 7949 --- [main] o.s.b.w.servlet.FilterRegistrationBean   : Mapping filter: 'hiddenHttpMethodFilter' to: [/*]
2019-04-24 10:10:27.073  INFO 7949 --- [main] o.s.b.w.servlet.FilterRegistrationBean   : Mapping filter: 'formContentFilter' to: [/*]
2019-04-24 10:10:27.073  INFO 7949 --- [main] o.s.b.w.servlet.FilterRegistrationBean   : Mapping filter: 'requestContextFilter' to: [/*]
2019-04-24 10:10:27.074  INFO 7949 --- [main] o.s.b.w.servlet.FilterRegistrationBean   : Mapping filter: 'httpTraceFilter' to: [/*]
2019-04-24 10:10:27.074  INFO 7949 --- [main] o.s.b.w.servlet.ServletRegistrationBean  : Servlet dispatcherServlet mapped to [/]
2019-04-24 10:10:27.227  INFO 7949 --- [main] o.s.s.concurrent.ThreadPoolTaskExecutor  : Initializing ExecutorService 'applicationTaskExecutor'
2019-04-24 10:10:27.522  INFO 7949 --- [main] o.s.b.a.e.web.EndpointLinksResolver      : Exposing 4 endpoint(s) beneath base path '/actuator'
2019-04-24 10:10:27.601  INFO 7949 --- [main] o.s.b.w.embedded.tomcat.TomcatWebServer  : Tomcat started on port(s): 8080 (http) with context path ''
2019-04-24 10:10:27.605  INFO 7949 --- [main] cn.puhy.sofaboot.SofaBootApplication     : Started SofaBootApplication in 17.321 seconds (JVM running for 22.837)
2019-04-24 10:10:27.684  INFO 7949 --- [RMI TCP Connection(4)-127.0.0.1] o.a.c.c.C.[Tomcat].[localhost].[/]       : Initializing Spring DispatcherServlet 'dispatcherServlet'
2019-04-24 10:10:27.685  INFO 7949 --- [RMI TCP Connection(4)-127.0.0.1] o.s.web.servlet.DispatcherServlet        : Initializing Servlet 'dispatcherServlet'
2019-04-24 10:10:27.692  INFO 7949 --- [RMI TCP Connection(4)-127.0.0.1] o.s.web.servlet.DispatcherServlet        : Completed initialization in 7 ms
2019-04-24 16:05:10.435  INFO 14381 --- [main] com.alipay.sofa.common.log               : Sofa-Middleware-Log SLF4J : Actual logging.path is [ ./logs ]
2019-04-24 16:05:10.439  INFO 14381 --- [main] com.alipay.sofa.common.log               : Sofa-Middleware-Log SLF4J : Actual binding is of type [ com.alipay.sofa.infra Logback ]
2019-04-24 16:05:10.488  INFO 14381 --- [main] com.alipay.sofa.common.log               : Sofa-Middleware-Log SLF4J : Actual logging.path is [ ./logs ]
2019-04-24 16:05:10.489  INFO 14381 --- [main] com.alipay.sofa.common.log               : Sofa-Middleware-Log SLF4J : Actual binding is of type [ com.alipay.sofa.runtime Logback ]
2019-04-24 16:05:20.514  INFO 14381 --- [main] c.p.s.isle.run.SofaBootIsleApplication   : Starting SofaBootIsleApplication on phyMacBook-Pro.local with PID 14381 (/Users/puhongyu/phy/idea/sofa/sofaboot/sofaboot-isle/sofaboot-isle-run/target/classes started by puhongyu in /Users/puhongyu/phy/idea/parent)
2019-04-24 16:05:20.516  INFO 14381 --- [main] c.p.s.isle.run.SofaBootIsleApplication   : No active profile set, falling back to default profiles: default
2019-04-24 16:05:20.920  INFO 14381 --- [main] c.p.s.isle.run.SofaBootIsleApplication   : Started SofaBootIsleApplication in 15.739 seconds (JVM running for 21.207)
2019-04-24 16:08:19.411  INFO 14488 --- [main] com.alipay.sofa.common.log               : Sofa-Middleware-Log SLF4J : Actual logging.path is [ ./logs ]
2019-04-24 16:08:19.415  INFO 14488 --- [main] com.alipay.sofa.common.log               : Sofa-Middleware-Log SLF4J : Actual binding is of type [ com.alipay.sofa.infra Logback ]
2019-04-24 16:08:19.455  INFO 14488 --- [main] com.alipay.sofa.common.log               : Sofa-Middleware-Log SLF4J : Actual logging.path is [ ./logs ]
2019-04-24 16:08:19.456  INFO 14488 --- [main] com.alipay.sofa.common.log               : Sofa-Middleware-Log SLF4J : Actual binding is of type [ com.alipay.sofa.runtime Logback ]
2019-04-24 16:08:29.478  INFO 14488 --- [main] c.p.s.isle.run.SofaBootIsleApplication   : Starting SofaBootIsleApplication on phyMacBook-Pro.local with PID 14488 (/Users/puhongyu/phy/idea/sofa/sofaboot/sofaboot-isle/sofaboot-isle-run/target/classes started by puhongyu in /Users/puhongyu/phy/idea/parent)
2019-04-24 16:08:29.480  INFO 14488 --- [main] c.p.s.isle.run.SofaBootIsleApplication   : No active profile set, falling back to default profiles: default
2019-04-24 16:08:30.183  INFO 14488 --- [main] o.s.b.w.embedded.tomcat.TomcatWebServer  : Tomcat initialized with port(s): 8080 (http)
2019-04-24 16:08:30.196  INFO 14488 --- [main] o.apache.catalina.core.StandardService   : Starting service [Tomcat]
2019-04-24 16:08:30.196  INFO 14488 --- [main] org.apache.catalina.core.StandardEngine  : Starting Servlet Engine: Apache Tomcat/9.0.12
2019-04-24 16:08:30.201  INFO 14488 --- [main] o.a.catalina.core.AprLifecycleListener   : The APR based Apache Tomcat Native library which allows optimal performance in production environments was not found on the java.library.path: [/Users/puhongyu/Library/Java/Extensions:/Library/Java/Extensions:/Network/Library/Java/Extensions:/System/Library/Java/Extensions:/usr/lib/java:.]
2019-04-24 16:08:30.260  INFO 14488 --- [main] o.a.c.c.C.[Tomcat].[localhost].[/]       : Initializing Spring embedded WebApplicationContext
2019-04-24 16:08:30.260  INFO 14488 --- [main] o.s.web.context.ContextLoader            : Root WebApplicationContext: initialization completed in 716 ms
2019-04-24 16:08:30.278  INFO 14488 --- [main] o.s.b.w.servlet.ServletRegistrationBean  : Servlet dispatcherServlet mapped to [/]
2019-04-24 16:08:30.282  INFO 14488 --- [main] o.s.b.w.servlet.FilterRegistrationBean   : Mapping filter: 'characterEncodingFilter' to: [/*]
2019-04-24 16:08:30.282  INFO 14488 --- [main] o.s.b.w.servlet.FilterRegistrationBean   : Mapping filter: 'hiddenHttpMethodFilter' to: [/*]
2019-04-24 16:08:30.282  INFO 14488 --- [main] o.s.b.w.servlet.FilterRegistrationBean   : Mapping filter: 'formContentFilter' to: [/*]
2019-04-24 16:08:30.282  INFO 14488 --- [main] o.s.b.w.servlet.FilterRegistrationBean   : Mapping filter: 'requestContextFilter' to: [/*]
2019-04-24 16:08:30.451  INFO 14488 --- [main] o.s.s.concurrent.ThreadPoolTaskExecutor  : Initializing ExecutorService 'applicationTaskExecutor'
2019-04-24 16:08:30.614 ERROR 14488 --- [main] org.apache.catalina.util.LifecycleBase   : Failed to start component [Connector[HTTP/1.1-8080]]

org.apache.catalina.LifecycleException: Protocol handler start failed
	at org.apache.catalina.connector.Connector.startInternal(Connector.java:960) ~[tomcat-embed-core-9.0.12.jar:9.0.12]
	at org.apache.catalina.util.LifecycleBase.start(LifecycleBase.java:183) ~[tomcat-embed-core-9.0.12.jar:9.0.12]
	at org.apache.catalina.core.StandardService.addConnector(StandardService.java:225) [tomcat-embed-core-9.0.12.jar:9.0.12]
	at org.springframework.boot.web.embedded.tomcat.TomcatWebServer.addPreviouslyRemovedConnectors(TomcatWebServer.java:259) [spring-boot-2.1.0.RELEASE.jar:2.1.0.RELEASE]
	at org.springframework.boot.web.embedded.tomcat.TomcatWebServer.start(TomcatWebServer.java:197) [spring-boot-2.1.0.RELEASE.jar:2.1.0.RELEASE]
	at org.springframework.boot.web.servlet.context.ServletWebServerApplicationContext.startWebServer(ServletWebServerApplicationContext.java:300) [spring-boot-2.1.0.RELEASE.jar:2.1.0.RELEASE]
	at org.springframework.boot.web.servlet.context.ServletWebServerApplicationContext.finishRefresh(ServletWebServerApplicationContext.java:162) [spring-boot-2.1.0.RELEASE.jar:2.1.0.RELEASE]
	at org.springframework.context.support.AbstractApplicationContext.refresh(AbstractApplicationContext.java:549) [spring-context-5.1.2.RELEASE.jar:5.1.2.RELEASE]
	at org.springframework.boot.web.servlet.context.ServletWebServerApplicationContext.refresh(ServletWebServerApplicationContext.java:140) [spring-boot-2.1.0.RELEASE.jar:2.1.0.RELEASE]
	at org.springframework.boot.SpringApplication.refresh(SpringApplication.java:775) [spring-boot-2.1.0.RELEASE.jar:2.1.0.RELEASE]
	at org.springframework.boot.SpringApplication.refreshContext(SpringApplication.java:397) [spring-boot-2.1.0.RELEASE.jar:2.1.0.RELEASE]
	at org.springframework.boot.SpringApplication.run(SpringApplication.java:316) [spring-boot-2.1.0.RELEASE.jar:2.1.0.RELEASE]
	at org.springframework.boot.SpringApplication.run(SpringApplication.java:1260) [spring-boot-2.1.0.RELEASE.jar:2.1.0.RELEASE]
	at org.springframework.boot.SpringApplication.run(SpringApplication.java:1248) [spring-boot-2.1.0.RELEASE.jar:2.1.0.RELEASE]
	at cn.puhy.sofaboot.isle.run.SofaBootIsleApplication.main(SofaBootIsleApplication.java:13) [classes/:na]
Caused by: java.net.BindException: Address already in use
	at sun.nio.ch.Net.bind0(Native Method) ~[na:1.8.0_151]
	at sun.nio.ch.Net.bind(Net.java:433) ~[na:1.8.0_151]
	at sun.nio.ch.Net.bind(Net.java:425) ~[na:1.8.0_151]
	at sun.nio.ch.ServerSocketChannelImpl.bind(ServerSocketChannelImpl.java:223) ~[na:1.8.0_151]
	at sun.nio.ch.ServerSocketAdaptor.bind(ServerSocketAdaptor.java:74) ~[na:1.8.0_151]
	at org.apache.tomcat.util.net.NioEndpoint.initServerSocket(NioEndpoint.java:236) ~[tomcat-embed-core-9.0.12.jar:9.0.12]
	at org.apache.tomcat.util.net.NioEndpoint.bind(NioEndpoint.java:210) ~[tomcat-embed-core-9.0.12.jar:9.0.12]
	at org.apache.tomcat.util.net.AbstractEndpoint.start(AbstractEndpoint.java:1108) ~[tomcat-embed-core-9.0.12.jar:9.0.12]
	at org.apache.coyote.AbstractProtocol.start(AbstractProtocol.java:550) ~[tomcat-embed-core-9.0.12.jar:9.0.12]
	at org.apache.catalina.connector.Connector.startInternal(Connector.java:957) ~[tomcat-embed-core-9.0.12.jar:9.0.12]
	... 14 common frames omitted

2019-04-24 16:08:30.618  INFO 14488 --- [main] o.apache.catalina.core.StandardService   : Stopping service [Tomcat]
2019-04-24 16:08:30.626  INFO 14488 --- [main] ConditionEvaluationReportLoggingListener : 

Error starting ApplicationContext. To display the conditions report re-run your application with 'debug' enabled.
2019-04-24 16:08:30.628 ERROR 14488 --- [main] o.s.b.d.LoggingFailureAnalysisReporter   : 

***************************
APPLICATION FAILED TO START
***************************

Description:

The Tomcat connector configured to listen on port 8080 failed to start. The port may already be in use or the connector may be misconfigured.

Action:

Verify the connector's configuration, identify and stop any process that's listening on port 8080, or configure this application to listen on another port.

2019-04-24 16:08:30.631  INFO 14488 --- [main] o.s.s.concurrent.ThreadPoolTaskExecutor  : Shutting down ExecutorService 'applicationTaskExecutor'
2019-04-24 16:09:19.792  INFO 14506 --- [main] com.alipay.sofa.common.log               : Sofa-Middleware-Log SLF4J : Actual logging.path is [ ./logs ]
2019-04-24 16:09:19.797  INFO 14506 --- [main] com.alipay.sofa.common.log               : Sofa-Middleware-Log SLF4J : Actual binding is of type [ com.alipay.sofa.infra Logback ]
2019-04-24 16:09:19.838  INFO 14506 --- [main] com.alipay.sofa.common.log               : Sofa-Middleware-Log SLF4J : Actual logging.path is [ ./logs ]
2019-04-24 16:09:19.838  INFO 14506 --- [main] com.alipay.sofa.common.log               : Sofa-Middleware-Log SLF4J : Actual binding is of type [ com.alipay.sofa.runtime Logback ]
2019-04-24 16:09:29.859  INFO 14506 --- [main] c.p.s.isle.run.SofaBootIsleApplication   : Starting SofaBootIsleApplication on phyMacBook-Pro.local with PID 14506 (/Users/puhongyu/phy/idea/sofa/sofaboot/sofaboot-isle/sofaboot-isle-run/target/classes started by puhongyu in /Users/puhongyu/phy/idea/parent)
2019-04-24 16:09:29.860  INFO 14506 --- [main] c.p.s.isle.run.SofaBootIsleApplication   : No active profile set, falling back to default profiles: default
2019-04-24 16:09:30.571  INFO 14506 --- [main] o.s.b.w.embedded.tomcat.TomcatWebServer  : Tomcat initialized with port(s): 8080 (http)
2019-04-24 16:09:30.583  INFO 14506 --- [main] o.apache.catalina.core.StandardService   : Starting service [Tomcat]
2019-04-24 16:09:30.584  INFO 14506 --- [main] org.apache.catalina.core.StandardEngine  : Starting Servlet Engine: Apache Tomcat/9.0.12
2019-04-24 16:09:30.589  INFO 14506 --- [main] o.a.catalina.core.AprLifecycleListener   : The APR based Apache Tomcat Native library which allows optimal performance in production environments was not found on the java.library.path: [/Users/puhongyu/Library/Java/Extensions:/Library/Java/Extensions:/Network/Library/Java/Extensions:/System/Library/Java/Extensions:/usr/lib/java:.]
2019-04-24 16:09:30.648  INFO 14506 --- [main] o.a.c.c.C.[Tomcat].[localhost].[/]       : Initializing Spring embedded WebApplicationContext
2019-04-24 16:09:30.648  INFO 14506 --- [main] o.s.web.context.ContextLoader            : Root WebApplicationContext: initialization completed in 724 ms
2019-04-24 16:09:30.666  INFO 14506 --- [main] o.s.b.w.servlet.ServletRegistrationBean  : Servlet dispatcherServlet mapped to [/]
2019-04-24 16:09:30.669  INFO 14506 --- [main] o.s.b.w.servlet.FilterRegistrationBean   : Mapping filter: 'characterEncodingFilter' to: [/*]
2019-04-24 16:09:30.670  INFO 14506 --- [main] o.s.b.w.servlet.FilterRegistrationBean   : Mapping filter: 'hiddenHttpMethodFilter' to: [/*]
2019-04-24 16:09:30.670  INFO 14506 --- [main] o.s.b.w.servlet.FilterRegistrationBean   : Mapping filter: 'formContentFilter' to: [/*]
2019-04-24 16:09:30.670  INFO 14506 --- [main] o.s.b.w.servlet.FilterRegistrationBean   : Mapping filter: 'requestContextFilter' to: [/*]
2019-04-24 16:09:30.838  INFO 14506 --- [main] o.s.s.concurrent.ThreadPoolTaskExecutor  : Initializing ExecutorService 'applicationTaskExecutor'
2019-04-24 16:09:31.019  INFO 14506 --- [main] o.s.b.w.embedded.tomcat.TomcatWebServer  : Tomcat started on port(s): 8080 (http) with context path ''
2019-04-24 16:09:31.023  INFO 14506 --- [main] c.p.s.isle.run.SofaBootIsleApplication   : Started SofaBootIsleApplication in 16.481 seconds (JVM running for 21.952)
2019-04-24 16:09:42.856  INFO 14506 --- [http-nio-8080-exec-1] o.a.c.c.C.[Tomcat].[localhost].[/]       : Initializing Spring DispatcherServlet 'dispatcherServlet'
2019-04-24 16:09:42.857  INFO 14506 --- [http-nio-8080-exec-1] o.s.web.servlet.DispatcherServlet        : Initializing Servlet 'dispatcherServlet'
2019-04-24 16:09:42.863  INFO 14506 --- [http-nio-8080-exec-1] o.s.web.servlet.DispatcherServlet        : Completed initialization in 6 ms
2019-04-24 16:09:56.206 ERROR 14506 --- [http-nio-8080-exec-4] o.a.c.c.C.[.[.[/].[dispatcherServlet]    : Servlet.service() for servlet [dispatcherServlet] in context with path [] threw exception [Request processing failed; nested exception is java.lang.IllegalStateException: JVM Reference[interface cn.puhy.sofaboot.isle.api.MySofaService#mySofaServiceImpl] cant not find the corresponding JVM service. Please check if there is a SOFA deployment publish the corresponding JVM service. If this exception occurred when the application starts up, please add Require-Module to SOFA deployment's MANIFEST.MF to indicate the startup dependency of SOFA modules.] with root cause

java.lang.IllegalStateException: JVM Reference[interface cn.puhy.sofaboot.isle.api.MySofaService#mySofaServiceImpl] cant not find the corresponding JVM service. Please check if there is a SOFA deployment publish the corresponding JVM service. If this exception occurred when the application starts up, please add Require-Module to SOFA deployment's MANIFEST.MF to indicate the startup dependency of SOFA modules.
	at com.alipay.sofa.runtime.service.binding.JvmBindingAdapter$JvmServiceInvoker.doInvoke(JvmBindingAdapter.java:191) ~[runtime-sofa-boot-starter-3.1.0.jar:3.1.0]
	at com.alipay.sofa.runtime.spi.service.ServiceProxy.invoke(ServiceProxy.java:39) ~[runtime-sofa-boot-starter-3.1.0.jar:3.1.0]
	at org.springframework.aop.framework.ReflectiveMethodInvocation.proceed(ReflectiveMethodInvocation.java:186) ~[spring-aop-5.1.2.RELEASE.jar:5.1.2.RELEASE]
	at org.springframework.aop.framework.JdkDynamicAopProxy.invoke(JdkDynamicAopProxy.java:212) ~[spring-aop-5.1.2.RELEASE.jar:5.1.2.RELEASE]
	at com.sun.proxy.$Proxy58.sayHello(Unknown Source) ~[na:na]
	at cn.puhy.sofaboot.isle.run.controller.TestController.sayHello(TestController.java:20) ~[classes/:na]
	at sun.reflect.NativeMethodAccessorImpl.invoke0(Native Method) ~[na:1.8.0_151]
	at sun.reflect.NativeMethodAccessorImpl.invoke(NativeMethodAccessorImpl.java:62) ~[na:1.8.0_151]
	at sun.reflect.DelegatingMethodAccessorImpl.invoke(DelegatingMethodAccessorImpl.java:43) ~[na:1.8.0_151]
	at java.lang.reflect.Method.invoke(Method.java:498) ~[na:1.8.0_151]
	at org.springframework.web.method.support.InvocableHandlerMethod.doInvoke(InvocableHandlerMethod.java:215) ~[spring-web-5.1.2.RELEASE.jar:5.1.2.RELEASE]
	at org.springframework.web.method.support.InvocableHandlerMethod.invokeForRequest(InvocableHandlerMethod.java:142) ~[spring-web-5.1.2.RELEASE.jar:5.1.2.RELEASE]
	at org.springframework.web.servlet.mvc.method.annotation.ServletInvocableHandlerMethod.invokeAndHandle(ServletInvocableHandlerMethod.java:102) ~[spring-webmvc-5.1.2.RELEASE.jar:5.1.2.RELEASE]
	at org.springframework.web.servlet.mvc.method.annotation.RequestMappingHandlerAdapter.invokeHandlerMethod(RequestMappingHandlerAdapter.java:895) ~[spring-webmvc-5.1.2.RELEASE.jar:5.1.2.RELEASE]
	at org.springframework.web.servlet.mvc.method.annotation.RequestMappingHandlerAdapter.handleInternal(RequestMappingHandlerAdapter.java:800) ~[spring-webmvc-5.1.2.RELEASE.jar:5.1.2.RELEASE]
	at org.springframework.web.servlet.mvc.method.AbstractHandlerMethodAdapter.handle(AbstractHandlerMethodAdapter.java:87) ~[spring-webmvc-5.1.2.RELEASE.jar:5.1.2.RELEASE]
	at org.springframework.web.servlet.DispatcherServlet.doDispatch(DispatcherServlet.java:1038) ~[spring-webmvc-5.1.2.RELEASE.jar:5.1.2.RELEASE]
	at org.springframework.web.servlet.DispatcherServlet.doService(DispatcherServlet.java:942) ~[spring-webmvc-5.1.2.RELEASE.jar:5.1.2.RELEASE]
	at org.springframework.web.servlet.FrameworkServlet.processRequest(FrameworkServlet.java:998) ~[spring-webmvc-5.1.2.RELEASE.jar:5.1.2.RELEASE]
	at org.springframework.web.servlet.FrameworkServlet.doGet(FrameworkServlet.java:890) ~[spring-webmvc-5.1.2.RELEASE.jar:5.1.2.RELEASE]
	at javax.servlet.http.HttpServlet.service(HttpServlet.java:634) ~[tomcat-embed-core-9.0.12.jar:9.0.12]
	at org.springframework.web.servlet.FrameworkServlet.service(FrameworkServlet.java:875) ~[spring-webmvc-5.1.2.RELEASE.jar:5.1.2.RELEASE]
	at javax.servlet.http.HttpServlet.service(HttpServlet.java:741) ~[tomcat-embed-core-9.0.12.jar:9.0.12]
	at org.apache.catalina.core.ApplicationFilterChain.internalDoFilter(ApplicationFilterChain.java:231) ~[tomcat-embed-core-9.0.12.jar:9.0.12]
	at org.apache.catalina.core.ApplicationFilterChain.doFilter(ApplicationFilterChain.java:166) ~[tomcat-embed-core-9.0.12.jar:9.0.12]
	at org.apache.tomcat.websocket.server.WsFilter.doFilter(WsFilter.java:53) ~[tomcat-embed-websocket-9.0.12.jar:9.0.12]
	at org.apache.catalina.core.ApplicationFilterChain.internalDoFilter(ApplicationFilterChain.java:193) ~[tomcat-embed-core-9.0.12.jar:9.0.12]
	at org.apache.catalina.core.ApplicationFilterChain.doFilter(ApplicationFilterChain.java:166) ~[tomcat-embed-core-9.0.12.jar:9.0.12]
	at org.springframework.web.filter.RequestContextFilter.doFilterInternal(RequestContextFilter.java:99) ~[spring-web-5.1.2.RELEASE.jar:5.1.2.RELEASE]
	at org.springframework.web.filter.OncePerRequestFilter.doFilter(OncePerRequestFilter.java:107) ~[spring-web-5.1.2.RELEASE.jar:5.1.2.RELEASE]
	at org.apache.catalina.core.ApplicationFilterChain.internalDoFilter(ApplicationFilterChain.java:193) ~[tomcat-embed-core-9.0.12.jar:9.0.12]
	at org.apache.catalina.core.ApplicationFilterChain.doFilter(ApplicationFilterChain.java:166) ~[tomcat-embed-core-9.0.12.jar:9.0.12]
	at org.springframework.web.filter.FormContentFilter.doFilterInternal(FormContentFilter.java:92) ~[spring-web-5.1.2.RELEASE.jar:5.1.2.RELEASE]
	at org.springframework.web.filter.OncePerRequestFilter.doFilter(OncePerRequestFilter.java:107) ~[spring-web-5.1.2.RELEASE.jar:5.1.2.RELEASE]
	at org.apache.catalina.core.ApplicationFilterChain.internalDoFilter(ApplicationFilterChain.java:193) ~[tomcat-embed-core-9.0.12.jar:9.0.12]
	at org.apache.catalina.core.ApplicationFilterChain.doFilter(ApplicationFilterChain.java:166) ~[tomcat-embed-core-9.0.12.jar:9.0.12]
	at org.springframework.web.filter.HiddenHttpMethodFilter.doFilterInternal(HiddenHttpMethodFilter.java:93) ~[spring-web-5.1.2.RELEASE.jar:5.1.2.RELEASE]
	at org.springframework.web.filter.OncePerRequestFilter.doFilter(OncePerRequestFilter.java:107) ~[spring-web-5.1.2.RELEASE.jar:5.1.2.RELEASE]
	at org.apache.catalina.core.ApplicationFilterChain.internalDoFilter(ApplicationFilterChain.java:193) ~[tomcat-embed-core-9.0.12.jar:9.0.12]
	at org.apache.catalina.core.ApplicationFilterChain.doFilter(ApplicationFilterChain.java:166) ~[tomcat-embed-core-9.0.12.jar:9.0.12]
	at org.springframework.web.filter.CharacterEncodingFilter.doFilterInternal(CharacterEncodingFilter.java:200) ~[spring-web-5.1.2.RELEASE.jar:5.1.2.RELEASE]
	at org.springframework.web.filter.OncePerRequestFilter.doFilter(OncePerRequestFilter.java:107) ~[spring-web-5.1.2.RELEASE.jar:5.1.2.RELEASE]
	at org.apache.catalina.core.ApplicationFilterChain.internalDoFilter(ApplicationFilterChain.java:193) ~[tomcat-embed-core-9.0.12.jar:9.0.12]
	at org.apache.catalina.core.ApplicationFilterChain.doFilter(ApplicationFilterChain.java:166) ~[tomcat-embed-core-9.0.12.jar:9.0.12]
	at org.apache.catalina.core.StandardWrapperValve.invoke(StandardWrapperValve.java:199) ~[tomcat-embed-core-9.0.12.jar:9.0.12]
	at org.apache.catalina.core.StandardContextValve.invoke(StandardContextValve.java:96) [tomcat-embed-core-9.0.12.jar:9.0.12]
	at org.apache.catalina.authenticator.AuthenticatorBase.invoke(AuthenticatorBase.java:490) [tomcat-embed-core-9.0.12.jar:9.0.12]
	at org.apache.catalina.core.StandardHostValve.invoke(StandardHostValve.java:139) [tomcat-embed-core-9.0.12.jar:9.0.12]
	at org.apache.catalina.valves.ErrorReportValve.invoke(ErrorReportValve.java:92) [tomcat-embed-core-9.0.12.jar:9.0.12]
	at org.apache.catalina.core.StandardEngineValve.invoke(StandardEngineValve.java:74) [tomcat-embed-core-9.0.12.jar:9.0.12]
	at org.apache.catalina.connector.CoyoteAdapter.service(CoyoteAdapter.java:343) [tomcat-embed-core-9.0.12.jar:9.0.12]
	at org.apache.coyote.http11.Http11Processor.service(Http11Processor.java:408) [tomcat-embed-core-9.0.12.jar:9.0.12]
	at org.apache.coyote.AbstractProcessorLight.process(AbstractProcessorLight.java:66) [tomcat-embed-core-9.0.12.jar:9.0.12]
	at org.apache.coyote.AbstractProtocol$ConnectionHandler.process(AbstractProtocol.java:770) [tomcat-embed-core-9.0.12.jar:9.0.12]
	at org.apache.tomcat.util.net.NioEndpoint$SocketProcessor.doRun(NioEndpoint.java:1415) [tomcat-embed-core-9.0.12.jar:9.0.12]
	at org.apache.tomcat.util.net.SocketProcessorBase.run(SocketProcessorBase.java:49) [tomcat-embed-core-9.0.12.jar:9.0.12]
	at java.util.concurrent.ThreadPoolExecutor.runWorker(ThreadPoolExecutor.java:1149) [na:1.8.0_151]
	at java.util.concurrent.ThreadPoolExecutor$Worker.run(ThreadPoolExecutor.java:624) [na:1.8.0_151]
	at org.apache.tomcat.util.threads.TaskThread$WrappingRunnable.run(TaskThread.java:61) [tomcat-embed-core-9.0.12.jar:9.0.12]
	at java.lang.Thread.run(Thread.java:748) [na:1.8.0_151]

2019-04-24 16:26:01.697  INFO 14506 --- [Thread-36] o.s.s.concurrent.ThreadPoolTaskExecutor  : Shutting down ExecutorService 'applicationTaskExecutor'
2019-04-24 16:29:48.826  INFO 14586 --- [main] com.alipay.sofa.common.log               : Sofa-Middleware-Log SLF4J : Actual logging.path is [ ./logs ]
2019-04-24 16:29:48.834  INFO 14586 --- [main] com.alipay.sofa.common.log               : Sofa-Middleware-Log SLF4J : Actual binding is of type [ com.alipay.sofa.infra Logback ]
2019-04-24 16:29:48.878  INFO 14586 --- [main] com.alipay.sofa.common.log               : Sofa-Middleware-Log SLF4J : Actual logging.path is [ ./logs ]
2019-04-24 16:29:48.879  INFO 14586 --- [main] com.alipay.sofa.common.log               : Sofa-Middleware-Log SLF4J : Actual binding is of type [ com.alipay.sofa.runtime Logback ]
2019-04-24 16:29:58.901  INFO 14586 --- [main] c.p.s.isle.run.SofaBootIsleApplication   : Starting SofaBootIsleApplication on phyMacBook-Pro.local with PID 14586 (/Users/puhongyu/phy/idea/sofa/sofaboot/sofaboot-isle/sofaboot-isle-run/target/classes started by puhongyu in /Users/puhongyu/phy/idea/parent)
2019-04-24 16:29:58.902  INFO 14586 --- [main] c.p.s.isle.run.SofaBootIsleApplication   : No active profile set, falling back to default profiles: default
2019-04-24 16:29:59.605  INFO 14586 --- [main] o.s.b.w.embedded.tomcat.TomcatWebServer  : Tomcat initialized with port(s): 8080 (http)
2019-04-24 16:29:59.618  INFO 14586 --- [main] o.apache.catalina.core.StandardService   : Starting service [Tomcat]
2019-04-24 16:29:59.618  INFO 14586 --- [main] org.apache.catalina.core.StandardEngine  : Starting Servlet Engine: Apache Tomcat/9.0.12
2019-04-24 16:29:59.623  INFO 14586 --- [main] o.a.catalina.core.AprLifecycleListener   : The APR based Apache Tomcat Native library which allows optimal performance in production environments was not found on the java.library.path: [/Users/puhongyu/Library/Java/Extensions:/Library/Java/Extensions:/Network/Library/Java/Extensions:/System/Library/Java/Extensions:/usr/lib/java:.]
2019-04-24 16:29:59.681  INFO 14586 --- [main] o.a.c.c.C.[Tomcat].[localhost].[/]       : Initializing Spring embedded WebApplicationContext
2019-04-24 16:29:59.682  INFO 14586 --- [main] o.s.web.context.ContextLoader            : Root WebApplicationContext: initialization completed in 716 ms
2019-04-24 16:29:59.700  INFO 14586 --- [main] o.s.b.w.servlet.ServletRegistrationBean  : Servlet dispatcherServlet mapped to [/]
2019-04-24 16:29:59.703  INFO 14586 --- [main] o.s.b.w.servlet.FilterRegistrationBean   : Mapping filter: 'characterEncodingFilter' to: [/*]
2019-04-24 16:29:59.703  INFO 14586 --- [main] o.s.b.w.servlet.FilterRegistrationBean   : Mapping filter: 'hiddenHttpMethodFilter' to: [/*]
2019-04-24 16:29:59.703  INFO 14586 --- [main] o.s.b.w.servlet.FilterRegistrationBean   : Mapping filter: 'formContentFilter' to: [/*]
2019-04-24 16:29:59.703  INFO 14586 --- [main] o.s.b.w.servlet.FilterRegistrationBean   : Mapping filter: 'requestContextFilter' to: [/*]
2019-04-24 16:29:59.865  INFO 14586 --- [main] o.s.s.concurrent.ThreadPoolTaskExecutor  : Initializing ExecutorService 'applicationTaskExecutor'
2019-04-24 16:30:00.175  INFO 14586 --- [main] o.s.b.w.embedded.tomcat.TomcatWebServer  : Tomcat started on port(s): 8080 (http) with context path ''
2019-04-24 16:30:00.177  INFO 14586 --- [main] c.p.s.isle.run.SofaBootIsleApplication   : Started SofaBootIsleApplication in 16.594 seconds (JVM running for 22.077)
2019-04-24 16:30:05.486  INFO 14586 --- [http-nio-8080-exec-1] o.a.c.c.C.[Tomcat].[localhost].[/]       : Initializing Spring DispatcherServlet 'dispatcherServlet'
2019-04-24 16:30:05.487  INFO 14586 --- [http-nio-8080-exec-1] o.s.web.servlet.DispatcherServlet        : Initializing Servlet 'dispatcherServlet'
2019-04-24 16:30:05.493  INFO 14586 --- [http-nio-8080-exec-1] o.s.web.servlet.DispatcherServlet        : Completed initialization in 5 ms
